\BOOKMARK [0][-]{chapter*.1}{Preface}{}% 1
\BOOKMARK [0][-]{chapter*.3}{Concepts}{}% 2
\BOOKMARK [0][-]{chapter.1}{The\040Loss\040of\040Privacy}{}% 3
\BOOKMARK [1][-]{section.1.1}{Private\040Communication}{chapter.1}% 4
\BOOKMARK [1][-]{section.1.2}{The\040Walled\040Gardens\040Problem}{chapter.1}% 5
\BOOKMARK [1][-]{section.1.3}{Matrix}{chapter.1}% 6
\BOOKMARK [0][-]{chapter.2}{Matrix\040and\040the\040Mobile\040World}{}% 7
\BOOKMARK [1][-]{section.2.1}{Peer-to-Peer\040Matrix}{chapter.2}% 8
\BOOKMARK [1][-]{section.2.2}{Matrix\040on\040the\040Smartphone}{chapter.2}% 9
\BOOKMARK [1][-]{section.2.3}{Mobile\040Constraints}{chapter.2}% 10
\BOOKMARK [1][-]{section.2.4}{Problem\040Statement}{chapter.2}% 11
\BOOKMARK [0][-]{chapter.3}{Design\040Constraints}{}% 12
\BOOKMARK [1][-]{section.3.1}{Constraints}{chapter.3}% 13
\BOOKMARK [0][-]{chapter.4}{Design\040Dilemma\040and\040Resolution}{}% 14
\BOOKMARK [1][-]{section.4.1}{Stable\040versus\040Bleeding\040Edge}{chapter.4}% 15
\BOOKMARK [1][-]{section.4.2}{Design\040Overview}{chapter.4}% 16
\BOOKMARK [0][-]{chapter.5}{Porting\040to\040Android}{}% 17
\BOOKMARK [1][-]{section.5.1}{Preparing\040Dendrite\040for\040Android}{chapter.5}% 18
\BOOKMARK [1][-]{section.5.2}{Compiling\040Dendrite\040for\040Android}{chapter.5}% 19
\BOOKMARK [1][-]{section.5.3}{Running\040Dendrite\040on\040Android}{chapter.5}% 20
\BOOKMARK [0][-]{chapter.6}{A\040Critical\040Evaluation}{}% 21
\BOOKMARK [1][-]{section.6.1}{Battery\040Life}{chapter.6}% 22
\BOOKMARK [1][-]{section.6.2}{Storage\040Space}{chapter.6}% 23
\BOOKMARK [0][-]{chapter.7}{Open\040Source,\040Complexity\040and\040Alternatives}{}% 24
\BOOKMARK [1][-]{section.7.1}{Open\040Source\040Software}{chapter.7}% 25
\BOOKMARK [1][-]{section.7.2}{Code\040Complexity}{chapter.7}% 26
\BOOKMARK [1][-]{section.7.3}{Alternative\040Solutions}{chapter.7}% 27
\BOOKMARK [0][-]{chapter.8}{Conclusion}{}% 28
